2025-12-01T17:57:18.369Z - DELETE FILE id=691c9743a02e16d8bebe9c32 owner=v - TRASHED - name=deleteFolder.js
2025-12-01T18:16:40.754Z - UPDATE FOLDER id=691ca145ee7d173dd25550c1 owner=v - OK - visibility=public
2025-12-01T18:16:40.936Z - UPDATE FILE id=691cba44d8b914fb1be4c222 owner=v - OK - propagated visibility=shared
2025-12-01T18:20:34.586Z - ACCESS FOLDER id=691ca145ee7d173dd25550c1 - OK - items=1
2025-12-01T18:21:27.498Z - ACCESS FILE id=691cba44d8b914fb1be4c222 - OK - shared
2025-12-02T06:17:52.134Z - INSERT FILE id=692e84904b534043f5a31da6 owner=qa - OK - name=hinh-nen-desktop-3.jpg size=155498
2025-12-02T06:17:53.093Z - INSERT FILE id=692e84904b534043f5a31db2 owner=qa - OK - name=hinh-nen-desktop-27.jpg size=74255
2025-12-02T06:17:53.600Z - INSERT FILE id=692e84914b534043f5a31dbe owner=qa - OK - name=2c3502908138c483e7c8511cb31c9c9b.jpg size=34817
2025-12-02T06:17:55.936Z - INSERT FILE id=692e84934b534043f5a31dca owner=qa - OK - name=7523e282f5fd19e4eaabcfcb00aaeaef.jpg size=1771701
2025-12-02T06:17:56.611Z - INSERT FILE id=692e84944b534043f5a31dd6 owner=qa - OK - name=IMG_0936.jpeg size=176150
2025-12-02T06:17:57.428Z - INSERT FILE id=692e84954b534043f5a31de2 owner=qa - OK - name=Tiểu Luận Cuối Khóa_nndc (1).docx size=269733
2025-12-02T06:17:58.177Z - INSERT FILE id=692e84964b534043f5a31dee owner=qa - OK - name=Tiểu Luận Cuối Khóa_nndc.docx size=269733
2025-12-02T06:18:00.392Z - INSERT FILE id=692e84984b534043f5a31dfa owner=qa - OK - name=BaiThucHanh_HK1_2425.rar size=1660868
2025-12-02T06:18:00.865Z - INSERT FILE id=692e84984b534043f5a31e06 owner=qa - OK - name=sinhvien.csv size=5154
2025-12-02T06:18:01.488Z - INSERT FILE id=692e84994b534043f5a31e12 owner=qa - OK - name=4. Thuc hanh thao tac du lieu voi Pandas.pdf size=167234
2025-12-02T06:18:02.191Z - INSERT FILE id=692e849a4b534043f5a31e1e owner=qa - OK - name=3. Thuc hanh thao tac co ban tren NumPy.pdf size=167600
2025-12-02T06:18:02.787Z - INSERT FILE id=692e849a4b534043f5a31e2a owner=qa - OK - name=2. Bai thuc hanh python co ban.pdf size=147176
2025-12-02T06:18:03.235Z - INSERT FILE id=692e849b4b534043f5a31e3a owner=qa - OK - name=BÃ€I Táº¬P THáº¢O LUáº¬N - chÆ°Æ¡ng 7.docx size=14595
2025-12-02T06:18:13.745Z - UPDATE FILE id=692e849b4b534043f5a31e3a owner=qa - OK - rename BÃ€I Táº¬P THáº¢O LUáº¬N - chÆ°Æ¡ng 7.docx -> ddddd
2025-12-02T06:18:20.421Z - INSERT FOLDER id=692e84ac4b534043f5a31e4a owner=qa - OK - name=gkgugg
2025-12-02T06:18:33.715Z - INSERT FILE id=692e84b94b534043f5a31e5a owner=qa - OK - name=IMG_0936.jpeg size=176150
2025-12-02T06:18:44.124Z - DELETE FILE id=692e84994b534043f5a31e12 owner=qa - TRASHED - name=4. Thuc hanh thao tac du lieu voi Pandas.pdf
2025-12-03T18:52:37.471Z - INSERT FOLDER id=693086f5987ca69898aa0c1b owner=dophudien2a@gmail.com - OK - name=aloha
2025-12-03T18:52:43.107Z - DELETE FOLDER id=693086f5987ca69898aa0c1b owner=dophudien2a@gmail.com - TRASHED - folders=1 files=0
2025-12-03T18:52:53.368Z - INSERT FOLDER id=69308705987ca69898aa0c32 owner=dophudien2a@gmail.com - OK - name=alo
2025-12-03T18:53:00.291Z - DELETE FOLDER id=69308705987ca69898aa0c32 owner=dophudien2a@gmail.com - TRASHED - folders=1 files=0
2025-12-03T18:53:06.540Z - INSERT FILE id=69308712987ca69898aa0c45 owner=dophudien2a@gmail.com - OK - name=BG.png size=1254531
2025-12-03T18:53:16.410Z - DELETE FILE id=69308712987ca69898aa0c45 owner=dophudien2a@gmail.com - TRASHED - name=BG.png
2025-12-03T18:53:30.650Z - INSERT FILE id=6930872a987ca69898aa0c5d owner=dophudien2a@gmail.com - OK - name=BG.png size=1254531
2025-12-03T18:53:35.122Z - DELETE FILE id=6930872a987ca69898aa0c5d owner=dophudien2a@gmail.com - TRASHED - name=BG.png
2025-12-03T18:54:23.326Z - INSERT FILE id=6930875f987ca69898aa0ca5 owner=dophudien2a@gmail.com - OK - name=Map tro choi.png size=1319262
2025-12-03T18:54:30.439Z - DELETE FILE id=6930875f987ca69898aa0ca5 owner=dophudien2a@gmail.com - TRASHED - name=Map tro choi.png
2025-12-03T19:03:46.982Z - RESTORE FILE id=6930875f987ca69898aa0ca5 owner=dophudien2a@gmail.com - OK
2025-12-03T19:03:56.992Z - DELETE FILE id=6930875f987ca69898aa0ca5 owner=dophudien2a@gmail.com - TRASHED - name=Map tro choi.png
2025-12-03T19:04:04.569Z - DELETE FILE id=6930875f987ca69898aa0ca5 owner=dophudien2a@gmail.com - PERMANENT - size=1319262
2025-12-03T19:04:10.097Z - INSERT FILE id=693089a9987ca69898aa0d30 owner=dophudien2a@gmail.com - OK - name=Map tro choi.png size=1319262
2025-12-03T19:04:13.419Z - DELETE FILE id=693089a9987ca69898aa0d30 owner=dophudien2a@gmail.com - TRASHED - name=Map tro choi.png
2025-12-03T19:09:13.220Z - RESTORE FILE id=69308712987ca69898aa0c45 owner=dophudien2a@gmail.com - OK
2025-12-03T19:09:13.983Z - RESTORE FILE id=693089a9987ca69898aa0d30 owner=dophudien2a@gmail.com - OK
2025-12-03T19:09:15.182Z - RESTORE FILE id=6930872a987ca69898aa0c5d owner=dophudien2a@gmail.com - OK
2025-12-03T19:09:26.803Z - UPDATE FILE id=6930872a987ca69898aa0c5d owner=dophudien2a@gmail.com - OK - rename BG.png -> aloo
2025-12-04T17:49:56.379Z - UPDATE FILE id=69308712987ca69898aa0c45 owner=dophudien2a@gmail.com - OK - visibility=public
2025-12-04T17:50:17.897Z - UPDATE FILE id=69308712987ca69898aa0c45 owner=dophudien2a@gmail.com - OK - visibility=private
2025-12-04T18:03:02.513Z - DELETE FILE id=693089a9987ca69898aa0d30 owner=dophudien2a@gmail.com - TRASHED - name=Map tro choi.png
2025-12-04T18:03:13.024Z - DELETE FILE id=693089a9987ca69898aa0d30 owner=dophudien2a@gmail.com - PERMANENT - size=1319262
2025-12-04T18:03:19.909Z - INSERT FOLDER id=6931cce74470276f22b7d660 owner=dophudien2a@gmail.com - OK - name=rac
2025-12-04T18:03:31.717Z - INSERT FILE id=6931ccf34470276f22b7d66d owner=dophudien2a@gmail.com - OK - name=Map goc.png size=1248578
2025-12-04T18:03:59.012Z - UPDATE FOLDER id=6931cce74470276f22b7d660 owner=dophudien2a@gmail.com - OK - rename rac -> rac
2025-12-04T18:06:00.162Z - DELETE FILE id=6930872a987ca69898aa0c5d owner=dophudien2a@gmail.com - TRASHED - name=aloo
2025-12-04T18:06:07.513Z - DELETE FILE id=6930872a987ca69898aa0c5d owner=dophudien2a@gmail.com - PERMANENT - size=1254531
2025-12-04T18:07:36.922Z - INSERT FOLDER id=6931cde84470276f22b7d6ff owner=dophudien2a@gmail.com - OK - name=alooha
2025-12-04T18:07:44.389Z - INSERT FILE id=6931cdf04470276f22b7d70c owner=dophudien2a@gmail.com - OK - name=Map tro choi.png size=1319262
2025-12-04T18:08:41.422Z - UPDATE FOLDER id=6931cce74470276f22b7d660 owner=dophudien2a@gmail.com - OK - visibility=public
2025-12-04T18:08:41.590Z - UPDATE FILE id=6931ccf34470276f22b7d66d owner=dophudien2a@gmail.com - OK - propagated visibility=private
2025-12-04T18:10:57.990Z - DELETE FILE id=69308712987ca69898aa0c45 owner=dophudien2a@gmail.com - TRASHED - name=BG.png
2025-12-04T18:11:04.063Z - INSERT FILE id=6931ceb74470276f22b7d730 owner=dophudien2a@gmail.com - OK - name=BG.png size=1254531
2025-12-04T18:18:48.316Z - INSERT FILE id=6931d0884470276f22b7d741 owner=dophudien2a@gmail.com - OK - name=Anh Võ Văn Mãi.png size=7372313
2025-12-07T17:23:28.386Z - INSERT FILE id=6935b81046da2f08946e4e33 owner=dophudien2a@gmail.com - OK - name=BG.png size=1254531
2025-12-07T17:23:49.471Z - INSERT FILE id=6935b82546da2f08946e4e44 owner=dophudien2a@gmail.com - OK - name=backgr.png size=1539319
2025-12-07T19:22:08.820Z - INSERT FILE id=6935d3e046da2f08946e4eac owner=dophudien2a@gmail.com - OK - name=Chị Nguyễn Huỳnh Tường Vi.png size=7375951
2025-12-07T19:22:23.681Z - INSERT FILE id=6935d3ef46da2f08946e4ebf owner=dophudien2a@gmail.com - OK - name=IMG_2747.jpg size=1814715
2025-12-07T19:22:43.874Z - INSERT FILE id=6935d40346da2f08946e4ed2 owner=dophudien2a@gmail.com - OK - name=IMG_2747.jpg size=1814715
2025-12-07T19:22:57.576Z - UPDATE FILE id=6935d40346da2f08946e4ed2 owner=dophudien2a@gmail.com - OK - rename IMG_2747.jpg -> alalkkj
2025-12-07T19:28:57.020Z - INSERT FOLDER id=6935d57846da2f08946e4ef3 owner=dophudien2a@gmail.com - OK - name=fjjkf
2025-12-08T10:27:22.437Z - UPDATE FILE id=6936a002c1c0a03daf83cc21 owner=admin1 - OK - visibility=public
2025-12-08T10:27:39.885Z - UPDATE FILE id=69369fd4c1c0a03daf83cbe2 owner=admin1 - OK - rename Screenshot 2025-11-12 105100.png -> Screenshot 2025-11-12 105100.png
2025-12-08T10:27:43.353Z - UPDATE FILE id=69369fd4c1c0a03daf83cbe2 owner=admin1 - OK - visibility=public
2025-12-08T10:27:52.743Z - UPDATE FILE id=69369fd4c1c0a03daf83cbe2 owner=admin1 - OK - visibility=public
2025-12-08T10:29:59.684Z - UPDATE FILE id=69369fd4c1c0a03daf83cbe2 owner=admin1 - OK - visibility=private
2025-12-08T10:30:02.637Z - UPDATE FILE id=69369fd4c1c0a03daf83cbe2 owner=admin1 - OK - visibility=public
2025-12-08T10:30:13.713Z - UPDATE FILE id=69369fd4c1c0a03daf83cbe2 owner=admin1 - OK - visibility=private
2025-12-08T10:30:19.647Z - UPDATE FILE id=69369fd4c1c0a03daf83cbe2 owner=admin1 - OK - visibility=private
2025-12-08T10:30:25.618Z - UPDATE FILE id=69369fd4c1c0a03daf83cbe2 owner=admin1 - OK - visibility=public
2025-12-08T10:30:32.881Z - UPDATE FILE id=69369fd4c1c0a03daf83cbe2 owner=admin1 - OK - visibility=private
2025-12-08T10:32:31.039Z - UPDATE FILE id=69369fd4c1c0a03daf83cbe2 owner=admin1 - OK - visibility=public
2025-12-08T10:32:41.857Z - UPDATE FILE id=69369fd4c1c0a03daf83cbe2 owner=admin1 - OK - visibility=private
2025-12-08T10:33:33.862Z - DELETE FOLDER id=69369fdec1c0a03daf83cbec owner=admin1 - TRASHED - folders=2 files=1
2025-12-08T10:34:10.038Z - UPDATE FILE id=69369fd4c1c0a03daf83cbe2 owner=admin1 - OK - visibility=public
2025-12-08T10:37:20.975Z - UPDATE FILE id=69369fd4c1c0a03daf83cbe2 owner=admin1 - OK - visibility=private
2025-12-08T10:40:39.271Z - DELETE FILE id=69369fe9c1c0a03daf83cbf9 owner=admin1 - PERMANENT - size=26588
2025-12-08T10:40:50.874Z - DELETE FILE id=69369fd4c1c0a03daf83cbe2 owner=admin1 - TRASHED - name=Screenshot 2025-11-12 105100.png
2025-12-08T10:40:53.635Z - DELETE FILE id=6936a07ec1c0a03daf83cc2a owner=admin1 - TRASHED - name=qqqq.ipynb
2025-12-08T10:41:00.224Z - DELETE FILE id=69369fd4c1c0a03daf83cbe2 owner=admin1 - PERMANENT - size=83202
2025-12-08T10:44:42.956Z - RESTORE FILE id=6936a07ec1c0a03daf83cc2a owner=admin1 - OK
2025-12-08T10:59:20.908Z - INSERT FILE id=6936af88e00d39f1f5fa715d owner=admin1 - OK - name=hinh-nen-desktop-3.jpg size=155498
2025-12-08T17:30:08.794Z - DELETE FILE id=693276e08c9bdaed8bdce0c3 owner=zzz - TRASHED - name=d
2025-12-08T17:30:16.649Z - DELETE FILE id=693276e08c9bdaed8bdce0c3 owner=zzz - PERMANENT - size=46688
2025-12-09T07:14:25.079Z - UPDATE FILE id=693299c2417566f53105e81e owner=zzz - OK - visibility=public
2025-12-09T07:17:56.238Z - UPDATE FILE id=693299c2417566f53105e81e owner=zzz - OK - visibility=public
2025-12-09T07:18:47.583Z - UPDATE FILE id=693299c2417566f53105e81e owner=zzz - OK - visibility=public
2025-12-09T07:18:47.798Z - UPDATE FILE id=693299c2417566f53105e81e owner=zzz - OK - visibility=private
2025-12-09T07:18:52.667Z - UPDATE FILE id=693299c2417566f53105e81e owner=zzz - OK - visibility=public
2025-12-09T07:19:55.771Z - INSERT FOLDER id=6937cd9b00fc1a28bdda1f90 owner=zzz - OK - name=hh
2025-12-09T07:20:00.171Z - UPDATE FOLDER id=6937cd9b00fc1a28bdda1f90 owner=zzz - OK - visibility=public
2025-12-09T07:20:12.731Z - UPDATE FILE id=693299c4417566f53105e823 owner=zzz - OK - visibility=public
2025-12-09T07:20:19.339Z - UPDATE FILE id=693299c4417566f53105e823 owner=zzz - OK - visibility=public
2025-12-09T07:35:34.046Z - ACCESS FILE id=693299c2417566f53105e81e - OK - public
2025-12-09T07:38:01.084Z - ACCESS FILE id=693299c2417566f53105e81e - OK - public
2025-12-09T07:38:01.093Z - ACCESS FILE id=693299c2417566f53105e81e - OK - public
2025-12-09T07:38:24.019Z - ACCESS FILE id=693299c4417566f53105e823 - OK - public
2025-12-09T07:38:24.084Z - ACCESS FILE id=693299c4417566f53105e823 - OK - public
2025-12-09T07:38:53.239Z - ACCESS FILE id=693299c4417566f53105e823 - OK - public
2025-12-09T07:38:53.242Z - ACCESS FILE id=693299c4417566f53105e823 - OK - public
2025-12-09T07:38:55.233Z - ACCESS FILE id=693299c4417566f53105e823 - OK - public
2025-12-09T07:38:55.235Z - ACCESS FILE id=693299c4417566f53105e823 - OK - public
2025-12-09T07:40:22.535Z - ACCESS FILE id=693299c4417566f53105e823 - OK - public
2025-12-09T07:40:22.538Z - ACCESS FILE id=693299c4417566f53105e823 - OK - public
2025-12-09T07:40:48.235Z - ACCESS FILE id=693299c4417566f53105e823 - OK - public
2025-12-09T07:40:48.299Z - ACCESS FILE id=693299c4417566f53105e823 - OK - public
2025-12-09T07:40:50.221Z - ACCESS FILE id=693299c4417566f53105e823 - OK - public
2025-12-09T07:40:50.235Z - ACCESS FILE id=693299c4417566f53105e823 - OK - public
2025-12-09T07:40:51.235Z - ACCESS FILE id=693299c4417566f53105e823 - OK - public
2025-12-09T07:40:51.237Z - ACCESS FILE id=693299c4417566f53105e823 - OK - public
2025-12-09T07:42:14.687Z - ACCESS FILE id=693299c4417566f53105e823 - OK - public
2025-12-09T07:42:14.691Z - ACCESS FILE id=693299c4417566f53105e823 - OK - public
2025-12-09T07:42:18.800Z - ACCESS FILE id=693299c4417566f53105e823 - OK - public
2025-12-09T07:42:18.804Z - ACCESS FILE id=693299c4417566f53105e823 - OK - public
2025-12-09T07:42:23.393Z - ACCESS FILE id=693299c4417566f53105e823 - OK - public
2025-12-09T07:42:23.411Z - ACCESS FILE id=693299c4417566f53105e823 - OK - public
2025-12-09T07:43:32.550Z - ACCESS FILE id=693299c4417566f53105e823 - OK - public
2025-12-09T07:43:32.555Z - ACCESS FILE id=693299c4417566f53105e823 - OK - public
2025-12-09T07:44:46.446Z - INSERT FILE id=6937d36e46bcf5592ccacc28 owner=zzz - OK - name=hinh-nen-desktop-3.jpg size=155498
2025-12-09T07:45:24.152Z - ACCESS FILE id=693299c4417566f53105e823 - OK - public
2025-12-09T07:45:24.155Z - ACCESS FILE id=693299c4417566f53105e823 - OK - public
2025-12-09T07:45:25.399Z - ACCESS FILE id=693299c2417566f53105e81e - OK - public
2025-12-09T07:45:25.403Z - ACCESS FILE id=693299c2417566f53105e81e - OK - public
2025-12-09T07:46:36.402Z - UPDATE FILE id=6937d36e46bcf5592ccacc28 owner=zzz - OK - visibility=public
2025-12-09T07:46:45.010Z - ACCESS FILE id=6937d36e46bcf5592ccacc28 - OK - public
2025-12-09T07:46:45.075Z - ACCESS FILE id=6937d36e46bcf5592ccacc28 - OK - public
2025-12-09T07:47:39.444Z - UPDATE FILE id=693299c2417566f53105e81e owner=zzz - OK - rename Screenshot 2025-11-12 105100.png -> Screenshot 2025-11-12 105100.png
